Performing C++ SOURCE FILE Test CMAKE_HAVE_LIBC_PTHREAD failed with the following output:
Change Dir: /workspaces/GHA_Binary_Caching/build.x64.release/CMakeFiles/CMakeTmp

Run Build Command(s):/usr/bin/ninja cmTC_67a6b && [1/2] Building CXX object CMakeFiles/cmTC_67a6b.dir/src.cxx.o
[2/2] Linking CXX executable cmTC_67a6b
FAILED: cmTC_67a6b 
: && /usr/bin/c++  -DCMAKE_HAVE_LIBC_PTHREAD   CMakeFiles/cmTC_67a6b.dir/src.cxx.o  -o cmTC_67a6b   && :
/usr/bin/ld: CMakeFiles/cmTC_67a6b.dir/src.cxx.o: in function `main':
src.cxx:(.text+0x46): undefined reference to `pthread_create'
/usr/bin/ld: src.cxx:(.text+0x52): undefined reference to `pthread_detach'
/usr/bin/ld: src.cxx:(.text+0x63): undefined reference to `pthread_join'
collect2: error: ld returned 1 exit status
ninja: build stopped: subcommand failed.


Source file was:
#include <pthread.h>

void* test_func(void* data)
{
  return data;
}

int main(void)
{
  pthread_t thread;
  pthread_create(&thread, NULL, test_func, NULL);
  pthread_detach(thread);
  pthread_join(thread, NULL);
  pthread_atfork(NULL, NULL, NULL);
  pthread_exit(NULL);

  return 0;
}

